<?xml version="1.0" encoding="UTF-8"?>
<!-- Generated by org.testng.reporters.JUnitReportReporter -->
<testsuite hostname="2S9ZQN2" name="WebDriver_API.Exercise2" tests="1" failures="0" timestamp="2 Mar 2019 06:54:23 GMT" time="8.834" errors="0">
  <testcase name="TC_02" time="8.834" classname="WebDriver_API.Exercise2"/>
</testsuite> <!-- WebDriver_API.Exercise2 -->
