<?xml version="1.0" encoding="UTF-8"?>
<!-- Generated by org.testng.reporters.JUnitReportReporter -->
<testsuite hostname="2S9ZQN2" name="WebDriver_API.Exercise1" tests="1" failures="0" timestamp="2 Mar 2019 07:45:29 GMT" time="8.040" errors="0">
  <testcase name="TC_04_createNewAccount" time="8.040" classname="WebDriver_API.Exercise1"/>
</testsuite> <!-- WebDriver_API.Exercise1 -->
