<?xml version="1.0" encoding="UTF-8"?>
<!-- Generated by org.testng.reporters.JUnitReportReporter -->
<testsuite hostname="2S9ZQN2" name="WebDriver_API.TextBox" tests="1" failures="0" timestamp="24 Feb 2019 09:45:08 GMT" time="2.545" errors="0">
  <testcase name="testCase01" time="2.545" classname="WebDriver_API.TextBox"/>
</testsuite> <!-- WebDriver_API.TextBox -->
